[    0.000000] Initializing cgroup subsys cpuset
[    0.000000] Initializing cgroup subsys cpu
[    0.000000] Initializing cgroup subsys cpuacct
[    0.000000] Linux version 4.4.0-197-generic (buildd@lcy01-amd64-026) (gcc version 5.4.0 20160609 (Ubuntu 5.4.0-6ubuntu1~16.04.12) ) #229-Ubuntu SMP Wed Nov 25 11:05:42 UTC 2020 (Ubuntu 4.4.0-197.229-generic 4.4.241)
[    0.000000] Command line: BOOT_IMAGE=/boot/vmlinuz-4.4.0-197-generic root=LABEL=cloudimg-rootfs ro console=tty1 console=ttyS0
[    0.000000] KERNEL supported cpus:
[    0.000000]   Intel GenuineIntel
[    0.000000]   AMD AuthenticAMD
[    0.000000]   Centaur CentaurHauls
[    0.000000] x86/fpu: xstate_offset[2]:  576, xstate_sizes[2]:  256
[    0.000000] x86/fpu: Supporting XSAVE feature 0x01: 'x87 floating point registers'
[    0.000000] x86/fpu: Supporting XSAVE feature 0x02: 'SSE registers'
[    0.000000] x86/fpu: Supporting XSAVE feature 0x04: 'AVX registers'
[    0.000000] x86/fpu: Enabled xstate features 0x7, context size is 832 bytes, using 'standard' format.
[    0.000000] e820: BIOS-provided physical RAM map:
[    0.000000] BIOS-e820: [mem 0x0000000000000000-0x000000000009fbff] usable
[    0.000000] BIOS-e820: [mem 0x000000000009fc00-0x000000000009ffff] reserved
[    0.000000] BIOS-e820: [mem 0x00000000000f0000-0x00000000000fffff] reserved
[    0.000000] BIOS-e820: [mem 0x0000000000100000-0x000000003ffeffff] usable
[    0.000000] BIOS-e820: [mem 0x000000003fff0000-0x000000003fffffff] ACPI data
[    0.000000] BIOS-e820: [mem 0x00000000fec00000-0x00000000fec00fff] reserved
[    0.000000] BIOS-e820: [mem 0x00000000fee00000-0x00000000fee00fff] reserved
[    0.000000] BIOS-e820: [mem 0x00000000fffc0000-0x00000000ffffffff] reserved
[    0.000000] NX (Execute Disable) protection: active
[    0.000000] SMBIOS 2.5 present.
[    0.000000] Hypervisor detected: KVM
[    0.000000] e820: last_pfn = 0x3fff0 max_arch_pfn = 0x400000000
[    0.000000] MTRR: Disabled
[    0.000000] x86/PAT: MTRRs disabled, skipping PAT initialization too.
[    0.000000] CPU MTRRs all blank - virtualized system.
[    0.000000] x86/PAT: Configuration [0-7]: WB  WT  UC- UC  WB  WT  UC- UC  
[    0.000000] found SMP MP-table at [mem 0x0009fff0-0x0009ffff] mapped at [ffff88000009fff0]
[    0.000000] Scanning 1 areas for low memory corruption
[    0.000000] RAMDISK: [mem 0x362dc000-0x37165fff]
[    0.000000] ACPI: Early table checksum verification disabled
[    0.000000] ACPI: RSDP 0x00000000000E0000 000024 (v02 VBOX  )
[    0.000000] ACPI: XSDT 0x000000003FFF0030 00003C (v01 VBOX   VBOXXSDT 00000001 ASL  00000061)
[    0.000000] ACPI: FACP 0x000000003FFF00F0 0000F4 (v04 VBOX   VBOXFACP 00000001 ASL  00000061)
[    0.000000] ACPI: DSDT 0x000000003FFF0470 002325 (v02 VBOX   VBOXBIOS 00000002 INTL 20100528)
[    0.000000] ACPI: FACS 0x000000003FFF0200 000040
[    0.000000] ACPI: FACS 0x000000003FFF0200 000040
[    0.000000] ACPI: APIC 0x000000003FFF0240 00005C (v02 VBOX   VBOXAPIC 00000001 ASL  00000061)
[    0.000000] ACPI: SSDT 0x000000003FFF02A0 0001CC (v01 VBOX   VBOXCPUT 00000002 INTL 20100528)
[    0.000000] No NUMA configuration found
[    0.000000] Faking a node at [mem 0x0000000000000000-0x000000003ffeffff]
[    0.000000] NODE_DATA(0) allocated [mem 0x3ffeb000-0x3ffeffff]
[    0.000000] kvm-clock: Using msrs 4b564d01 and 4b564d00
[    0.000000] kvm-clock: cpu 0, msr 0:3ffe3001, primary cpu clock
[    0.000000] kvm-clock: using sched offset of 5485122468 cycles
[    0.000000] clocksource: kvm-clock: mask: 0xffffffffffffffff max_cycles: 0x1cd42e4dffb, max_idle_ns: 881590591483 ns
[    0.000000] Zone ranges:
[    0.000000]   DMA      [mem 0x0000000000001000-0x0000000000ffffff]
[    0.000000]   DMA32    [mem 0x0000000001000000-0x000000003ffeffff]
[    0.000000]   Normal   empty
[    0.000000]   Device   empty
[    0.000000] Movable zone start for each node
[    0.000000] Early memory node ranges
[    0.000000]   node   0: [mem 0x0000000000001000-0x000000000009efff]
[    0.000000]   node   0: [mem 0x0000000000100000-0x000000003ffeffff]
[    0.000000] Initmem setup node 0 [mem 0x0000000000001000-0x000000003ffeffff]
[    0.000000] ACPI: PM-Timer IO Port: 0x4008
[    0.000000] IOAPIC[0]: apic_id 2, version 32, address 0xfec00000, GSI 0-23
[    0.000000] ACPI: INT_SRC_OVR (bus 0 bus_irq 0 global_irq 2 dfl dfl)
[    0.000000] ACPI: INT_SRC_OVR (bus 0 bus_irq 9 global_irq 9 low level)
[    0.000000] Using ACPI (MADT) for SMP configuration information
[    0.000000] smpboot: Allowing 2 CPUs, 0 hotplug CPUs
[    0.000000] PM: Registered nosave memory: [mem 0x00000000-0x00000fff]
[    0.000000] PM: Registered nosave memory: [mem 0x0009f000-0x0009ffff]
[    0.000000] PM: Registered nosave memory: [mem 0x000a0000-0x000effff]
[    0.000000] PM: Registered nosave memory: [mem 0x000f0000-0x000fffff]
[    0.000000] e820: [mem 0x40000000-0xfebfffff] available for PCI devices
[    0.000000] Booting paravirtualized kernel on KVM
[    0.000000] clocksource: refined-jiffies: mask: 0xffffffff max_cycles: 0xffffffff, max_idle_ns: 7645519600211568 ns
[    0.000000] setup_percpu: NR_CPUS:512 nr_cpumask_bits:512 nr_cpu_ids:2 nr_node_ids:1
[    0.000000] PERCPU: Embedded 33 pages/cpu @ffff88003fc00000 s95512 r8192 d31464 u1048576
[    0.000000] Built 1 zonelists in Node order, mobility grouping on.  Total pages: 257912
[    0.000000] Policy zone: DMA32
[    0.000000] Kernel command line: BOOT_IMAGE=/boot/vmlinuz-4.4.0-197-generic root=LABEL=cloudimg-rootfs ro console=tty1 console=ttyS0
[    0.000000] PID hash table entries: 4096 (order: 3, 32768 bytes)
[    0.000000] Memory: 997648K/1048120K available (8637K kernel code, 1347K rwdata, 4032K rodata, 1492K init, 1296K bss, 50472K reserved, 0K cma-reserved)
[    0.000000] SLUB: HWalign=64, Order=0-3, MinObjects=0, CPUs=2, Nodes=1
[    0.000000] Kernel/User page tables isolation: enabled
[    0.000000] Hierarchical RCU implementation.
[    0.000000] 	Build-time adjustment of leaf fanout to 64.
[    0.000000] 	RCU restricting CPUs from NR_CPUS=512 to nr_cpu_ids=2.
[    0.000000] RCU: Adjusting geometry for rcu_fanout_leaf=64, nr_cpu_ids=2
[    0.000000] NR_IRQS:33024 nr_irqs:440 16
[    0.000000] Console: colour VGA+ 80x25
[    0.000000] console [tty1] enabled
[    0.000000] console [ttyS0] enabled
[    0.000000] tsc: Detected 2303.996 MHz processor
[    0.395205] Calibrating delay loop (skipped) preset value.. 4607.99 BogoMIPS (lpj=9215984)
[    0.399386] pid_max: default: 32768 minimum: 301
[    0.401561] ACPI: Core revision 20150930
[    0.407929] ACPI: 2 ACPI AML tables successfully acquired and loaded
[    0.410955] Security Framework initialized
[    0.412967] Yama: becoming mindful.
[    0.414937] AppArmor: AppArmor initialized
[    0.418256] Dentry cache hash table entries: 131072 (order: 8, 1048576 bytes)
[    0.428746] Inode-cache hash table entries: 65536 (order: 7, 524288 bytes)
[    0.433176] Mount-cache hash table entries: 2048 (order: 2, 16384 bytes)
[    0.436567] Mountpoint-cache hash table entries: 2048 (order: 2, 16384 bytes)
[    0.440458] Initializing cgroup subsys io
[    0.442532] Initializing cgroup subsys memory
[    0.444762] Initializing cgroup subsys devices
[    0.447569] Initializing cgroup subsys freezer
[    0.449889] Initializing cgroup subsys net_cls
[    0.452160] Initializing cgroup subsys perf_event
[    0.455013] Initializing cgroup subsys net_prio
[    0.457582] Initializing cgroup subsys hugetlb
[    0.459562] Initializing cgroup subsys pids
[    0.463569] mce: CPU supports 0 MCE banks
[    0.465824] Last level iTLB entries: 4KB 64, 2MB 8, 4MB 8
[    0.468251] Last level dTLB entries: 4KB 64, 2MB 0, 4MB 0, 1GB 4
[    0.471094] Spectre V1 : Mitigation: usercopy/swapgs barriers and __user pointer sanitization
[    0.475583] Spectre V2 : Mitigation: Full generic retpoline
[    0.478041] Spectre V2 : Spectre v2 / SpectreRSB mitigation: Filling RSB on context switch
[    0.482979] Speculative Store Bypass: Vulnerable
[    0.485460] SRBDS: Unknown: Dependent on hypervisor status
[    0.487993] MDS: Mitigation: Clear CPU buffers
[    0.497448] Freeing SMP alternatives memory: 36K
[    0.515009] ftrace: allocating 32346 entries in 127 pages
[    0.680174] smpboot: APIC(0) Converting physical 0 to logical package 0
[    0.683834] smpboot: Max logical packages: 1
[    0.687319] x2apic enabled
[    0.689621] Switched APIC routing to physical x2apic.
[    0.694939] ..TIMER: vector=0x30 apic1=0 pin1=2 apic2=-1 pin2=-1
[    0.807205] smpboot: CPU0: Intel(R) Core(TM) i3-7020U CPU @ 2.30GHz (family: 0x6, model: 0x8e, stepping: 0x9)
[    0.814418] Performance Events: unsupported p6 CPU model 142 no PMU driver, software events only.
[    0.845649] KVM setup paravirtual spinlock
[    0.849520] x86: Booting SMP configuration:
[    0.852053] .... node  #0, CPUs:      #1
[    0.855598] kvm-clock: cpu 1, msr 0:3ffe3041, secondary cpu clock
[    0.859119] mce: CPU supports 0 MCE banks
[    0.862224] x86: Booted up 1 node, 2 CPUs
[    0.865413] smpboot: Total of 2 processors activated (9215.98 BogoMIPS)
[    0.871346] devtmpfs: initialized
[    0.881659] evm: security.selinux
[    0.884739] evm: security.SMACK64
[    0.889159] evm: security.SMACK64EXEC
[    0.891993] evm: security.SMACK64TRANSMUTE
[    0.894799] evm: security.SMACK64MMAP
[    0.897545] evm: security.ima
[    0.899897] evm: security.capability
[    0.902969] clocksource: jiffies: mask: 0xffffffff max_cycles: 0xffffffff, max_idle_ns: 7645041785100000 ns
[    0.908701] futex hash table entries: 512 (order: 3, 32768 bytes)
[    0.912716] pinctrl core: initialized pinctrl subsystem
[    0.918088] RTC time: 15:05:54, date: 01/13/21
[    0.921410] NET: Registered protocol family 16
[    0.936487] cpuidle: using governor ladder
[    0.948480] cpuidle: using governor menu
[    0.950771] PCCT header not found.
[    0.954648] ACPI: bus type PCI registered
[    0.963935] acpiphp: ACPI Hot Plug PCI Controller Driver version: 0.5
[    0.967550] PCI: Using configuration type 1 for base access
[    0.985694] ACPI: Added _OSI(Module Device)
[    0.988052] ACPI: Added _OSI(Processor Device)
[    0.990590] ACPI: Added _OSI(3.0 _SCP Extensions)
[    0.992988] ACPI: Added _OSI(Processor Aggregator Device)
[    0.996945] ACPI: Executed 1 blocks of module-level executable AML code
[    1.005113] ACPI: Interpreter enabled
[    1.007294] ACPI: (supports S0 S5)
[    1.008708] ACPI: Using IOAPIC for interrupt routing
[    1.011889] PCI: Using host bridge windows from ACPI; if necessary, use "pci=nocrs" and report a bug
[    1.026902] ACPI: PCI Root Bridge [PCI0] (domain 0000 [bus 00-ff])
[    1.029698] acpi PNP0A03:00: _OSC: OS supports [ASPM ClockPM Segments MSI]
[    1.034322] acpi PNP0A03:00: _OSC: not requesting OS control; OS requires [ExtendedConfig ASPM ClockPM MSI]
[    1.039758] acpi PNP0A03:00: fail to add MMCONFIG information, can't access extended PCI configuration space under this bridge.
[    1.048378] PCI host bridge to bus 0000:00
[    1.050751] pci_bus 0000:00: root bus resource [io  0x0000-0x0cf7 window]
[    1.053704] pci_bus 0000:00: root bus resource [io  0x0d00-0xffff window]
[    1.056560] pci_bus 0000:00: root bus resource [mem 0x000a0000-0x000bffff window]
[    1.060965] pci_bus 0000:00: root bus resource [mem 0x40000000-0xfdffffff window]
[    1.065348] pci_bus 0000:00: root bus resource [bus 00-ff]
[    1.075039] pci 0000:00:01.1: legacy IDE quirk: reg 0x10: [io  0x01f0-0x01f7]
[    1.078865] pci 0000:00:01.1: legacy IDE quirk: reg 0x14: [io  0x03f6]
[    1.081899] pci 0000:00:01.1: legacy IDE quirk: reg 0x18: [io  0x0170-0x0177]
[    1.124186] pci 0000:00:01.1: legacy IDE quirk: reg 0x1c: [io  0x0376]
[    1.157383] pci 0000:00:07.0: quirk: [io  0x4000-0x403f] claimed by PIIX4 ACPI
[    1.161745] pci 0000:00:07.0: quirk: [io  0x4100-0x410f] claimed by PIIX4 SMB
[    1.186914] ACPI: PCI Interrupt Link [LNKA] (IRQs 5 9 10 *11)
[    1.190924] ACPI: PCI Interrupt Link [LNKB] (IRQs 5 9 *10 11)
[    1.194434] ACPI: PCI Interrupt Link [LNKC] (IRQs 5 *9 10 11)
[    1.197899] ACPI: PCI Interrupt Link [LNKD] (IRQs 5 9 10 *11)
[    1.203684] ACPI: Enabled 2 GPEs in block 00 to 07
[    1.206704] vgaarb: setting as boot device: PCI:0000:00:02.0
[    1.209132] vgaarb: device added: PCI:0000:00:02.0,decodes=io+mem,owns=io+mem,locks=none
[    1.212485] vgaarb: loaded
[    1.214616] vgaarb: bridge control possible 0000:00:02.0
[    1.217605] SCSI subsystem initialized
[    1.220152] ACPI: bus type USB registered
[    1.222199] usbcore: registered new interface driver usbfs
[    1.224969] usbcore: registered new interface driver hub
[    1.227487] usbcore: registered new device driver usb
[    1.231088] PCI: Using ACPI for IRQ routing
[    1.238995] NetLabel: Initializing
[    1.241156] NetLabel:  domain hash size = 128
[    1.244187] NetLabel:  protocols = UNLABELED CIPSOv4
[    1.247254] NetLabel:  unlabeled traffic allowed by default
[    1.250585] amd_nb: Cannot enumerate AMD northbridges
[    1.252998] clocksource: Switched to clocksource kvm-clock
[    1.277452] AppArmor: AppArmor Filesystem Enabled
[    1.279706] pnp: PnP ACPI init
[    1.282985] pnp: PnP ACPI: found 3 devices
[    1.300905] clocksource: acpi_pm: mask: 0xffffff max_cycles: 0xffffff, max_idle_ns: 2085701024 ns
[    1.306829] NET: Registered protocol family 2
[    1.310648] TCP established hash table entries: 8192 (order: 4, 65536 bytes)
[    1.315990] TCP bind hash table entries: 8192 (order: 5, 131072 bytes)
[    1.319645] TCP: Hash tables configured (established 8192 bind 8192)
[    1.322055] UDP hash table entries: 512 (order: 2, 16384 bytes)
[    1.324910] UDP-Lite hash table entries: 512 (order: 2, 16384 bytes)
[    1.328286] NET: Registered protocol family 1
[    1.330783] pci 0000:00:00.0: Limiting direct PCI/PCI transfers
[    1.334141] pci 0000:00:01.0: Activating ISA DMA hang workarounds
[    1.337082] Unpacking initramfs...
[    1.970430] Freeing initrd memory: 14888K
[    1.972709] clocksource: tsc: mask: 0xffffffffffffffff max_cycles: 0x2135f449559, max_idle_ns: 440795312421 ns
[    1.978650] platform rtc_cmos: registered platform RTC device (no PNP device found)
[    1.984150] Scanning for low memory corruption every 60 seconds
[    1.987887] audit: initializing netlink subsys (disabled)
[    1.990801] audit: type=2000 audit(1610550361.517:1): initialized
[    1.995036] Initialise system trusted keyring
[    1.999892] HugeTLB registered 2 MB page size, pre-allocated 0 pages
[    2.006223] zbud: loaded
[    2.009502] VFS: Disk quotas dquot_6.6.0
[    2.012064] VFS: Dquot-cache hash table entries: 512 (order 0, 4096 bytes)
[    2.016608] squashfs: version 4.0 (2009/01/31) Phillip Lougher
[    2.020133] fuse init (API version 7.23)
[    2.023846] Key type big_key registered
[    2.025997] Allocating IMA MOK and blacklist keyrings.
[    2.031875] Key type asymmetric registered
[    2.034194] Asymmetric key parser 'x509' registered
[    2.038021] Block layer SCSI generic (bsg) driver version 0.4 loaded (major 249)
[    2.042799] io scheduler noop registered
[    2.045646] io scheduler deadline registered (default)
[    2.049394] io scheduler cfq registered
[    2.052128] pci_hotplug: PCI Hot Plug PCI Core version: 0.5
[    2.055532] pciehp: PCI Express Hot Plug Controller Driver version: 0.4
[    2.060236] ACPI: AC Adapter [AC] (off-line)
[    2.063435] input: Power Button as /devices/LNXSYSTM:00/LNXPWRBN:00/input/input0
[    2.068797] ACPI: Power Button [PWRF]
[    2.071237] input: Sleep Button as /devices/LNXSYSTM:00/LNXSLPBN:00/input/input1
[    2.075378] ACPI: Sleep Button [SLPF]
[    2.077626] GHES: HEST is not enabled!
[    2.079081] ACPI: Battery Slot [BAT0] (battery present)
[    2.083723] Serial: 8250/16550 driver, 32 ports, IRQ sharing enabled
[    2.109038] 00:02: ttyS0 at I/O 0x3f8 (irq = 4, base_baud = 115200) is a 16550A
[    2.120051] Linux agpgart interface v0.103
[    2.126658] loop: module loaded
[    2.130061] scsi host0: ata_piix
[    2.132242] scsi host1: ata_piix
[    2.134432] ata1: PATA max UDMA/33 cmd 0x1f0 ctl 0x3f6 bmdma 0xd000 irq 14
[    2.138103] ata2: PATA max UDMA/33 cmd 0x170 ctl 0x376 bmdma 0xd008 irq 15
[    2.142170] libphy: Fixed MDIO Bus: probed
[    2.144629] tun: Universal TUN/TAP device driver, 1.6
[    2.148098] tun: (C) 1999-2004 Max Krasnyansky <maxk@qualcomm.com>
[    2.151522] PPP generic driver version 2.4.2
[    2.154166] ehci_hcd: USB 2.0 'Enhanced' Host Controller (EHCI) Driver
[    2.157048] ehci-pci: EHCI PCI platform driver
[    2.159814] ehci-platform: EHCI generic platform driver
[    2.162771] ohci_hcd: USB 1.1 'Open' Host Controller (OHCI) Driver
[    2.167051] ohci-pci: OHCI PCI platform driver
[    2.169783] ohci-platform: OHCI generic platform driver
[    2.172373] uhci_hcd: USB Universal Host Controller Interface driver
[    2.175957] i8042: PNP: PS/2 Controller [PNP0303:PS2K,PNP0f03:PS2M] at 0x60,0x64 irq 1,12
[    2.180997] serio: i8042 KBD port at 0x60,0x64 irq 1
[    2.183994] serio: i8042 AUX port at 0x60,0x64 irq 12
[    2.187106] mousedev: PS/2 mouse device common for all mice
[    2.191342] input: AT Translated Set 2 keyboard as /devices/platform/i8042/serio0/input/input2
[    2.197507] rtc_cmos rtc_cmos: rtc core: registered rtc_cmos as rtc0
[    2.200705] rtc_cmos rtc_cmos: alarms up to one day, 114 bytes nvram
[    2.204736] i2c /dev entries driver
[    2.206840] device-mapper: uevent: version 1.0.3
[    2.209753] device-mapper: ioctl: 4.34.0-ioctl (2015-10-28) initialised: dm-devel@redhat.com
[    2.214164] ledtrig-cpu: registered to indicate activity on CPUs
[    2.217603] NET: Registered protocol family 10
[    2.220731] NET: Registered protocol family 17
[    2.223705] Key type dns_resolver registered
[    2.227166] registered taskstats version 1
[    2.229507] Loading compiled-in X.509 certificates
[    2.233780] Loaded X.509 cert 'Build time autogenerated kernel key: 34492021b4051d5295bb5f61ac4b8fe0de34ccb2'
[    2.238767] zswap: loaded using pool lzo/zbud
[    2.245567] Key type trusted registered
[    2.254809] Key type encrypted registered
[    2.256814] AppArmor: AppArmor sha1 policy hashing enabled
[    2.259444] ima: No TPM chip found, activating TPM-bypass!
[    2.261854] ima: Allocated hash algorithm: sha1
[    2.264395] evm: HMAC attrs: 0x1
[    2.267159]   Magic number: 5:50:83
[    2.269285] rtc_cmos rtc_cmos: setting system clock to 2021-01-13 15:05:55 UTC (1610550355)
[    2.274598] BIOS EDD facility v0.16 2004-Jun-25, 0 devices found
[    2.278292] EDD information not available.
[    2.330655] Freeing unused kernel memory: 1492K
[    2.333344] Write protecting the kernel read-only data: 14336k
[    2.338496] Freeing unused kernel memory: 1592K
[    2.341328] Freeing unused kernel memory: 64K
Loading, please wait...
starting version 229
[    2.376019] random: systemd-udevd: uninitialized urandom read (16 bytes read, 5 bits of entropy available)
[    2.377488] random: udevadm: uninitialized urandom read (16 bytes read, 5 bits of entropy available)
[    2.377545] random: udevadm: uninitialized urandom read (16 bytes read, 5 bits of entropy available)
[    2.390897] random: systemd-udevd: uninitialized urandom read (16 bytes read, 5 bits of entropy available)
[    2.396161] random: systemd-udevd: uninitialized urandom read (16 bytes read, 5 bits of entropy available)
[    2.398205] random: udevadm: uninitialized urandom read (16 bytes read, 5 bits of entropy available)
[    2.398286] random: udevadm: uninitialized urandom read (16 bytes read, 5 bits of entropy available)
[    2.398620] random: udevadm: uninitialized urandom read (16 bytes read, 5 bits of entropy available)
[    2.398876] random: udevadm: uninitialized urandom read (16 bytes read, 5 bits of entropy available)
[    2.398996] random: udevadm: uninitialized urandom read (16 bytes read, 5 bits of entropy available)
[    2.528547] e1000: Intel(R) PRO/1000 Network Driver - version 7.3.21-k8-NAPI
[    2.535738] e1000: Copyright (c) 1999-2006 Intel Corporation.
[    2.550046] Fusion MPT base driver 3.04.20
[    2.556621] Copyright (c) 1999-2008 LSI Corporation
[    2.572828] Fusion MPT SPI Host driver 3.04.20
[    2.624575] AVX2 version of gcm_enc/dec engaged.
[    2.627210] AES CTR mode by8 optimization enabled
[    2.827470] input: ImExPS/2 Generic Explorer Mouse as /devices/platform/i8042/serio1/input/input4
[    3.448204] e1000 0000:00:03.0 eth0: (PCI:33MHz:32-bit) 02:ae:b0:fc:20:e8
[    3.455255] e1000 0000:00:03.0 eth0: Intel(R) PRO/1000 Network Connection
[    4.307009] e1000 0000:00:08.0 eth1: (PCI:33MHz:32-bit) 08:00:27:6f:bc:4e
[    4.314122] e1000 0000:00:08.0 eth1: Intel(R) PRO/1000 Network Connection
[    4.324021] mptbase: ioc0: Initiating bringup
[    4.324938] e1000 0000:00:03.0 enp0s3: renamed from eth0
[    4.340868] e1000 0000:00:08.0 enp0s8: renamed from eth1
[    4.394226] ioc0: LSI53C1030 A0: Capabilities={Initiator}
[    4.564391] scsi host2: ioc0: LSI53C1030 A0, FwRev=00000000h, Ports=1, MaxQ=256, IRQ=20
[    4.681842] scsi 2:0:0:0: Direct-Access     VBOX     HARDDISK         1.0  PQ: 0 ANSI: 5
[    4.687350] scsi target2:0:0: Beginning Domain Validation
[    4.693142] scsi target2:0:0: Domain Validation skipping write tests
[    4.696615] scsi target2:0:0: Ending Domain Validation
[    4.699756] scsi target2:0:0: asynchronous
[    4.705007] scsi 2:0:1:0: Direct-Access     VBOX     HARDDISK         1.0  PQ: 0 ANSI: 5
[    4.737659] scsi target2:0:1: Beginning Domain Validation
[    4.744040] scsi target2:0:1: Domain Validation skipping write tests
[    4.747134] scsi target2:0:1: Ending Domain Validation
[    4.750157] scsi target2:0:1: asynchronous
[    4.767341] sd 2:0:0:0: Attached scsi generic sg0 type 0
[    4.769753] sd 2:0:0:0: [sda] 20971520 512-byte logical blocks: (10.7 GB/10.0 GiB)
[    4.773564] sd 2:0:0:0: [sda] Write Protect is off
[    4.776249] sd 2:0:1:0: [sdb] 20480 512-byte logical blocks: (10.5 MB/10.0 MiB)
[    4.779804] sd 2:0:0:0: [sda] Incomplete mode parameter data
[    4.781158] sd 2:0:1:0: Attached scsi generic sg1 type 0
[    4.786167] sd 2:0:0:0: [sda] Assuming drive cache: write through
[    4.789311] sd 2:0:1:0: [sdb] Write Protect is off
[    4.792846] sd 2:0:1:0: [sdb] Incomplete mode parameter data
[    4.795712] sd 2:0:1:0: [sdb] Assuming drive cache: write through
[    4.879085]  sda: sda1
[    4.882643] sd 2:0:1:0: [sdb] Attached SCSI disk
[    4.882969] sd 2:0:0:0: [sda] Attached SCSI disk
Begin: Loading essential drivers ... [    7.371314] md: linear personality registered for level -1
[    7.378515] md: multipath personality registered for level -4
[    7.386927] md: raid0 personality registered for level 0
[    7.396354] md: raid1 personality registered for level 1
[    7.473217] raid6: sse2x1   gen()  4537 MB/s
[    7.541954] raid6: sse2x1   xor()  2749 MB/s
[    7.609345] raid6: sse2x2   gen()  5336 MB/s
[    7.677119] raid6: sse2x2   xor()  3009 MB/s
[    7.745316] raid6: sse2x4   gen()  5651 MB/s
[    7.813553] raid6: sse2x4   xor()  4380 MB/s
[    7.881081] raid6: avx2x1   gen()  9182 MB/s
[    7.949944] raid6: avx2x2   gen()  8411 MB/s
[    8.021543] raid6: avx2x4   gen()  9951 MB/s
[    8.031962] raid6: using algorithm avx2x4 gen() 9951 MB/s
[    8.037893] raid6: using avx2x2 recovery algorithm
[    8.046504] xor: automatically using best checksumming function:
[    8.089174]    avx       : 10693.000 MB/sec
[    8.098428] async_tx: api initialized (async)
[    8.129680] md: raid6 personality registered for level 6
[    8.132814] md: raid5 personality registered for level 5
[    8.136916] md: raid4 personality registered for level 4
[    8.156857] md: raid10 personality registered for level 10
done.
Begin: Running /scripts/init-premount ... done.
Begin: Mounting root file system ... Begin: Running /scripts/local-top ... done.
Begin: Running /scripts/local-premount ... [    8.246001] Btrfs loaded
Scanning for Btrfs filesystems
done.
Warning: fsck not present, so skipping root file system
[    8.472352] EXT4-fs (sda1): mounted filesystem with ordered data mode. Opts: (null)
done.
Begin: Running /scripts/local-bottom ... done.
Begin: Running /scripts/init-bottom ... done.
[    9.096561] random: nonblocking pool is initialized
[   10.064940] systemd[1]: systemd 229 running in system mode. (+PAM +AUDIT +SELINUX +IMA +APPARMOR +SMACK +SYSVINIT +UTMP +LIBCRYPTSETUP +GCRYPT +GNUTLS +ACL +XZ -LZ4 +SECCOMP +BLKID +ELFUTILS +KMOD -IDN)
[   10.095734] systemd[1]: Detected virtualization oracle.
[   10.101166] systemd[1]: Detected architecture x86-64.

Welcome to [1mUbuntu 16.04.7 LTS[0m!

[   10.206746] systemd[1]: Set hostname to <srv03>.
[   11.582429] systemd[1]: Listening on Journal Audit Socket.
[[0;32m  OK  [0m] Listening on Journal Audit Socket.
[   11.590249] systemd[1]: Listening on Journal Socket.
[[0;32m  OK  [0m] Listening on Journal Socket.
[   11.597079] systemd[1]: Listening on Device-mapper event daemon FIFOs.
[[0;32m  OK  [0m] Listening on Device-mapper event daemon FIFOs.
[   11.603292] systemd[1]: Listening on Journal Socket (/dev/log).
[[0;32m  OK  [0m] Listening on Journal Socket (/dev/log).
[   11.611722] systemd[1]: Set up automount Arbitrary Executable File Formats File System Automount Point.
[[0;32m  OK  [0m] Set up automount Arbitrary Executab...ats File System Automount Point.
[   11.620083] systemd[1]: Started Forward Password Requests to Wall Directory Watch.
[[0;32m  OK  [0m] Started Forward Password Requests to Wall Directory Watch.
[   11.626594] systemd[1]: Listening on LVM2 metadata daemon socket.
[[0;32m  OK  [0m] Listening on LVM2 metadata daemon socket.
[   11.631794] systemd[1]: Reached target Swap.
[[0;32m  OK  [0m] Reached target Swap.
[   11.636118] systemd[1]: Created slice User and Session Slice.
[[0;32m  OK  [0m] Created slice User and Session Slice.
[   11.642820] systemd[1]: Reached target System Time Synchronized.
[[0;32m  OK  [0m] Reached target System Time Synchronized.
[   11.648553] systemd[1]: Listening on /dev/initctl Compatibility Named Pipe.
[[0;32m  OK  [0m] Listening on /dev/initctl Compatibility Named Pipe.
[   11.655534] systemd[1]: Listening on udev Control Socket.
[[0;32m  OK  [0m] Listening on udev Control Socket.
[   11.660375] systemd[1]: Reached target Encrypted Volumes.
[[0;32m  OK  [0m] Reached target Encrypted Volumes.
[   11.665466] systemd[1]: Listening on LVM2 poll daemon socket.
[[0;32m  OK  [0m] Listening on LVM2 poll daemon socket.
[   11.672565] systemd[1]: Listening on udev Kernel Socket.
[[0;32m  OK  [0m] Listening on udev Kernel Socket.
[   11.678061] systemd[1]: Created slice System Slice.
[[0;32m  OK  [0m] Created slice System Slice.
[   11.693423] systemd[1]: Starting Nameserver information manager...
         Starting Nameserver information manager...
[   11.701253] systemd[1]: Starting Create list of required static device nodes for the current kernel...
         Starting Create list of required st... nodes for the current kernel...
[   11.710122] systemd[1]: Starting Monitoring of LVM2 mirrors, snapshots etc. using dmeventd or progress polling...
         Starting Monitoring of LVM2 mirrors... dmeventd or progress polling...
[   11.720272] systemd[1]: Starting Set console keymap...
         Starting Set console keymap...
[   11.726681] systemd[1]: Starting Remount Root and Kernel File Systems...
         Starting Remount Root and Kernel File Systems...
[   11.734843] systemd[1]: Mounting Debug File System...
         Mounting Debug File System...
[   11.742161] systemd[1]: Created slice system-serial\x2dgetty.slice.
[[0;32m  OK  [0m] Created slice system-serial\x2dgetty.slice.
[   11.749379] systemd[1]: Reached target Slices.
[[0;32m  OK  [0m] Reached target Slices.
[   11.766206] systemd[1]: Starting Uncomplicated firewall...
         Starting Uncomplicated firewall...
[   11.825564] systemd[1]: Starting Load Kernel Modules...
         Starting Load Kernel Modules...
[   11.830380] systemd[1]: Reached target User and Group Name Lookups.
[[0;32m  OK  [0m] Reached target User and Group Name Lookups.
[   11.840164] systemd[1]: Mounting POSIX Message Queue File System...
         Mounting POSIX Message Queue File System...
[   11.845803] systemd[1]: Started Trigger resolvconf update for networkd DNS.
[[0;32m  OK  [0m] Started Trigger resolvconf update for networkd DNS.
[   11.870088] systemd[1]: Mounting Huge Pages File System...
         Mounting Huge Pages File System...
[   11.877491] systemd[1]: Listening on Syslog Socket.
[[0;32m  OK  [0m] Listening on Syslog Socket.
[   11.899834] systemd[1]: Starting Journal Service...
         Starting Journal Service...
[   11.911358] systemd[1]: Started Create list of required static device nodes for the current kernel.
[[0;32m  OK  [0m] Started Create list of required sta...ce nodes for the current kernel.
[   11.922399] systemd[1]: Started Uncomplicated firewall.
[[0;32m  OK  [0m] Started Uncomplicated firewall.
[   11.929918] systemd[1]: Starting Create Static Device Nodes in /dev...
         Starting Create Static Device Nodes in /dev...
[   12.019027] EXT4-fs (sda1): re-mounted. Opts: (null)
[   12.022071] systemd[1]: Mounted Debug File System.
[[0;32m  OK  [0m] Mounted Debug File System.
[   12.046810] systemd[1]: Mounted Huge Pages File System.
[[0;32m  OK  [0m] Mounted Huge Pages File System.
[   12.058215] systemd[1]: Mounted POSIX Message Queue File System.
[[0;32m  OK  [0m] Mounted POSIX Message Queue File System.
[   12.082804] systemd[1]: Started Remount Root and Kernel File Systems.
[[0;32m  OK  [0m] Started Remount Root and Kernel File Systems.
[   12.109808] systemd[1]: Starting udev Coldplug all Devices...
[   12.113407] Loading iSCSI transport class v2.0-870.
         Starting udev Coldplug all Devices...
[   12.122863] systemd[1]: Starting Load/Save Random Seed...
         Starting Load/Save Random Seed...
[   12.137160] systemd[1]: Started Nameserver information manager.
[[0;32m  OK  [0m] Started Nameserver information manager.
[   12.173466] systemd[1]: Started Load/Save Random Seed.
[[0;32m  OK  [0m] Started Load/Save Random Seed.
[   12.259572] iscsi: registered transport (tcp)
[   12.264914] systemd[1]: Started Journal Service.
[[0;32m  OK  [0m] Started Journal Service.
         Starting Flush Journal to Persistent Storage...
[[0;32m  OK  [0m] Started udev Coldplug all Devices.
[[0;32m  OK  [0m] Started LVM2 metadata daemon.
[   12.416558] systemd-journald[393]: Received request to flush runtime journal from PID 1
[[0;32m  OK  [0m] Started Flush Journal to Persistent Storage.
[[0;32m  OK  [0m] Started Set console keymap.
[   12.678157] iscsi: registered transport (iser)
[[0;32m  OK  [0m] Started Load Kernel Modules.
         Starting Apply Kernel Variables...
         Mounting FUSE Control File System...
[[0;32m  OK  [0m] Mounted FUSE Control File System.
[[0;32m  OK  [0m] Started Apply Kernel Variables.
[[0;32m  OK  [0m] Started Create Static Device Nodes in /dev.
         Starting udev Kernel Device Manager...
[[0;32m  OK  [0m] Started Monitoring of LVM2 mirrors,...ng dmeventd or progress polling.
[[0;32m  OK  [0m] Reached target Local File Systems (Pre).
[[0;32m  OK  [0m] Reached target Local File Systems.
         Starting Create Volatile Files and Directories...
         Starting Tell Plymouth To Write Out Runtime Data...
         Starting LSB: AppArmor initialization...
         Starting Initial cloud-init job (pre-networking)...
         Starting Set console font and keymap...
         Mounting /vagrant...
[[0;32m  OK  [0m] Started Tell Plymouth To Write Out Runtime Data.
[[0;1;31mFAILED[0m] Failed to mount /vagrant.
See 'systemctl status vagrant.mount' for details.
[[0;32m  OK  [0m] Started Create Volatile Files and Directories.
         Starting Update UTMP about System Boot/Shutdown...
[[0;32m  OK  [0m] Started Update UTMP about System Boot/Shutdown.
[[0;32m  OK  [0m] Started udev Kernel Device Manager.
[[0;32m  OK  [0m] Started Dispatch Password Requests to Console Directory Watch.
[[0;32m  OK  [0m] Found device /dev/ttyS0.
[[0;32m  OK  [0m] Started LSB: AppArmor initialization.
         Starting Load AppArmor profiles managed internally by snapd...
[[0;32m  OK  [0m] Started Set console font and keymap.
[[0;32m  OK  [0m] Created slice system-getty.slice.
[[0;32m  OK  [0m] Started Load AppArmor profiles managed internally by snapd.
[[0;32m  OK  [0m] Listening on Load/Save RF Kill Switch Status /dev/rfkill Watch.
[[0;32m  OK  [0m] Found device 82540EM Gigabit Ethern...r (PRO/1000 MT Desktop Adapter).
[[0;32m  OK  [0m] Found device 82540EM Gigabit Ethern...r (PRO/1000 MT Desktop Adapter).
[   19.628360] cloud-init[468]: Cloud-init v. 20.3-2-g371b392c-0ubuntu1~16.04.1 running 'init-local' at Wed, 13 Jan 2021 15:06:12 +0000. Up 18.36 seconds.
[[0;32m  OK  [0m] Started Initial cloud-init job (pre-networking).
[[0;32m  OK  [0m] Reached target Network (Pre).
[[0;32m  OK  [0m] Started ifup for enp0s8.
[[0;32m  OK  [0m] Started ifup for enp0s3.
         Starting Raise network interfaces...
[[0;32m  OK  [0m] Started Raise network interfaces.
         Starting Initial cloud-init job (metadata service crawler)...
[[0;32m  OK  [0m] Reached target Network.
[   22.863204] cloud-init[1112]: Cloud-init v. 20.3-2-g371b392c-0ubuntu1~16.04.1 running 'init' at Wed, 13 Jan 2021 15:06:15 +0000. Up 21.38 seconds.
[   22.870563] cloud-init[1112]: ci-info: ++++++++++++++++++++++++++++++++++++++Net device info+++++++++++++++++++++++++++++++++++++++
[   22.877200] cloud-init[1112]: ci-info: +--------+------+-----------------------------+---------------+--------+-------------------+
[   22.886043] cloud-init[1112]: ci-info: | Device |  Up  |           Address           |      Mask     | Scope  |     Hw-Address    |
[   22.898261] cloud-init[1112]: ci-info: +--------+------+-----------------------------+---------------+--------+-------------------+
[   22.908958] cloud-init[1112]: ci-info: | enp0s3 | True |          10.0.2.15          | 255.255.255.0 | global | 02:ae:b0:fc:20:e8 |
[   22.917131] cloud-init[1112]: ci-info: | enp0s3 | True |  fe80::ae:b0ff:fefc:20e8/64 |       .       |  link  | 02:ae:b0:fc:20:e8 |
[   22.929318] cloud-init[1112]: ci-info: | enp0s8 | True |         192.168.1.5         | 255.255.255.0 | global | 08:00:27:6f:bc:4e |
[   22.937458] cloud-init[1112]: ci-info: | enp0s8 | True | fe80::a00:27ff:fe6f:bc4e/64 |       .       |  link  | 08:00:27:6f:bc:4e |
[   22.943870] cloud-init[1112]: ci-info: |   lo   | True |          127.0.0.1          |   255.0.0.0   |  host  |         .         |
[   22.950892] cloud-init[1112]: ci-info: |   lo   | True |           ::1/128           |       .       |  host  |         .         |
[   22.957538] cloud-init[1112]: ci-info: +--------+------+-----------------------------+---------------+--------+-------------------+
[   22.963319] cloud-init[1112]: ci-info: +++++++++++++++++++++++++++Route IPv4 info++++++++++++++++++++++++++++
[   22.968522] cloud-init[1112]: ci-info: +-------+-------------+----------+---------------+-----------+-------+
[   22.973666] cloud-init[1112]: ci-info: | Route | Destination | Gateway  |    Genmask    | Interface | Flags |
[   22.980734] cloud-init[1112]: ci-info: +-------+-------------+----------+---------------+-----------+-------+
[   22.985338] cloud-init[1112]: ci-info: |   0   |   0.0.0.0   | 10.0.2.2 |    0.0.0.0    |   enp0s3  |   UG  |
[   22.989978] cloud-init[1112]: ci-info: |   1   |   10.0.2.0  | 0.0.0.0  | 255.255.255.0 |   enp0s3  |   U   |
[   22.993762] cloud-init[1112]: ci-info: |   2   | 192.168.1.0 | 0.0.0.0  | 255.255.255.0 |   enp0s8  |   U   |
[   22.997120] cloud-init[1112]: ci-info: +-------+-------------+----------+---------------+-----------+-------+
[   23.001024] cloud-init[1112]: ci-info: +++++++++++++++++++Route IPv6 info+++++++++++++++++++
[   23.013448] cloud-init[1112]: ci-info: +-------+-------------+---------+-----------+-------+[[0;32m  OK  [0m] Started Initial cloud-init job (metadata service crawler).
[[0;32m  OK  [0m] Reached target System Initialization.

[   23.028757] cloud-init[1112]: ci-info: | Route | Destination | Gateway | Interface | Flags |
[   23.037492] cloud-init[1112]: ci-info: +-------+-------------+---------+-----------+-------+
[   23.041967] cloud-init[1112]: ci-info: |   0   |  fe80::/64  |    ::   |   enp0s8  |   U   |
[   23.045607] cloud-init[1112]: ci-info: |   1   |  fe80::/64  |    ::   |   enp0s3  |   U   |
[   23.052099] cloud-init[1112]: ci-info: |   5   |   ff00::/8  |    ::   |   enp0s8  |   U   |
[   23.055493] cloud-init[1112]: ci-info: |   6   |   ff00::/8  |    ::   |   enp0s3  |   U   |
[   23.058332] cloud-init[1112]: ci-info: +-------+-------------+---------+-----------+-------+
[[0;32m  OK  [0m] Started ACPI Events Check.
[[0;32m  OK  [0m] Reached target Paths.
[[0;32m  OK  [0m] Started Message of the Day.
[[0;32m  OK  [0m] Listening on ACPID Listen Socket.
[[0;32m  OK  [0m] Started Daily Cleanup of Temporary Directories.
[[0;32m  OK  [0m] Listening on D-Bus System Message Bus Socket.
         Starting Socket activation for snappy daemon.
[[0;32m  OK  [0m] Started Daily apt download activities.
[[0;32m  OK  [0m] Started Daily apt upgrade and clean activities.
[[0;32m  OK  [0m] Reached target Timers.
[[0;32m  OK  [0m] Listening on UUID daemon activation socket.
         Starting LXD - unix socket.
[[0;32m  OK  [0m] Reached target Cloud-config availability.
[[0;32m  OK  [0m] Reached target Network is Online.
         Starting iSCSI initiator daemon (iscsid)...
[[0;32m  OK  [0m] Listening on Socket activation for snappy daemon.
[[0;32m  OK  [0m] Listening on LXD - unix socket.
[[0;32m  OK  [0m] Reached target Sockets.
[[0;32m  OK  [0m] Reached target Basic System.
         Starting LSB: Record successful boot for GRUB...
         Starting Accounts Service...
         Starting LSB: MD monitoring daemon...
[[0;32m  OK  [0m] Started FUSE filesystem for LXC.
         Starting Login Service...
         Starting LXD - container startup/shutdown...
         Starting Virtualbox guest utils...
[[0;32m  OK  [0m] Started D-Bus System Message Bus.
[[0;32m  OK  [0m] Started Regular background program processing daemon.
[[0;32m  OK  [0m] Started ACPI event daemon.
         Starting /etc/rc.local Compatibility...
         Starting OpenBSD Secure Shell server...
         Starting System Logging Service...
[[0;32m  OK  [0m] Started Deferred execution scheduler.
         Starting Snap Daemon...
[[0;32m  OK  [0m] Started /etc/rc.local Compatibility.
[[0;32m  OK  [0m] Started iSCSI initiator daemon (iscsid).
[[0;32m  OK  [0m] Started Login Service.
[[0;32m  OK  [0m] Started Unattended Upgrades Shutdown.
         Starting Login to default iSCSI targets...
         Starting Authenticate and Authorize Users to Run Privileged Tasks...
[[0;32m  OK  [0m] Started LSB: Record successful boot for GRUB.
[[0;32m  OK  [0m] Started LSB: MD monitoring daemon.
[[0;32m  OK  [0m] Started Virtualbox guest utils.
[[0;32m  OK  [0m] Started Login to default iSCSI targets.
[[0;32m  OK  [0m] Reached target Remote File Systems (Pre).
[[0;32m  OK  [0m] Reached target Remote File Systems.
         Starting Permit User Sessions...
         Starting LSB: automatic crash report generation...
         Starting LSB: Set the CPU Frequency Scaling governor to "ondemand"...
         Starting LSB: daemon to balance interrupts for SMP systems...
[[0;32m  OK  [0m] Started Permit User Sessions.
[[0;32m  OK  [0m] Started Authenticate and Authorize Users to Run Privileged Tasks.
         Starting Hold until boot process finishes up...
         Starting Terminate Plymouth Boot Screen...
[[0;32m  OK  [0m] Started LSB: Set the CPU Frequency Scaling governor to "ondemand".
[[0;32m  OK  [0m] Started Hold until boot process finishes up.
[[0;32m  OK  [0m] Started Terminate Plymouth Boot Screen.
[[0;32m  OK  [0m] Started Accounts Service.
[[0;32m  OK  [0m] Started Getty on tty1.
[[0;32m  OK  [0m] Started Serial Getty on ttyS0.
[[0;32m  OK  [0m] Reached target Login Prompts.
         Starting Set console scheme...
[[0;32m  OK  [0m] Started System Logging Service.
[[0;32m  OK  [0m] Started Set console scheme.
[[0;32m  OK  [0m] Started LSB: daemon to balance interrupts for SMP systems.
[[0;32m  OK  [0m] Started LSB: automatic crash report generation.
[[0;32m  OK  [0m] Started OpenBSD Secure Shell server.
[[0;32m  OK  [0m] Started LXD - container startup/shutdown.
[[0;32m  OK  [0m] Created slice User Slice of vagrant.
         Starting User Manager for UID 1000...
[[0;32m  OK  [0m] Started Session 1 of user vagrant.
[[0;32m  OK  [0m] Started User Manager for UID 1000.
[[0;32m  OK  [0m] Started Snap Daemon.
         Starting Wait until snapd is fully seeded...
[[0;32m  OK  [0m] Started Wait until snapd is fully seeded.
[[0;32m  OK  [0m] Reached target Multi-User System.
[[0;32m  OK  [0m] Reached target Graphical Interface.
         Starting Update UTMP about System Runlevel Changes...
         Starting Apply the settings specified in cloud-config...
[[0;32m  OK  [0m] Started Update UTMP about System Runlevel Changes.
[   30.466031] cloud-init[1436]: Cloud-init v. 20.3-2-g371b392c-0ubuntu1~16.04.1 running 'modules:config' at Wed, 13 Jan 2021 15:06:23 +0000. Up 29.89 seconds.
[[0;32m  OK  [0m] Started Apply the settings specified in cloud-config.
         Starting Execute cloud user/final scripts...

Ubuntu 16.04.7 LTS srv03 ttyS0

srv03 login: [   32.667758] cloud-init[1474]: Cloud-init v. 20.3-2-g371b392c-0ubuntu1~16.04.1 running 'modules:final' at Wed, 13 Jan 2021 15:06:25 +0000. Up 32.09 seconds.
[   32.668473] cloud-init[1474]: Cloud-init v. 20.3-2-g371b392c-0ubuntu1~16.04.1 finished at Wed, 13 Jan 2021 15:06:26 +0000. Datasource DataSourceNoCloud [seed=/dev/sdb][dsmode=net].  Up 32.63 seconds
